  Source.cpp
C:\Users\Артем\source\repos\Project3\Project3\Source.cpp(334,29): warning C4244: аргумент: преобразование "T" в "int", возможна потеря данных
          with
          [
              T=float
          ]
C:\Users\Артем\source\repos\Project3\Project3\Source.cpp(334,23): warning C4244: аргумент: преобразование "T" в "int", возможна потеря данных
          with
          [
              T=float
          ]
C:\Users\Артем\source\repos\Project3\Project3\Source.cpp(335,29): warning C4244: аргумент: преобразование "T" в "int", возможна потеря данных
          with
          [
              T=float
          ]
C:\Users\Артем\source\repos\Project3\Project3\Source.cpp(335,23): warning C4244: аргумент: преобразование "T" в "int", возможна потеря данных
          with
          [
              T=float
          ]
C:\Users\Артем\source\repos\Project3\Project3\Source.cpp(427,40): warning C4244: аргумент: преобразование "int" в "float", возможна потеря данных
C:\Users\Артем\source\repos\Project3\Project3\Source.cpp(427,32): warning C4244: аргумент: преобразование "int" в "float", возможна потеря данных
C:\Users\Артем\source\repos\Project3\Project3\Source.cpp(435,40): warning C4244: аргумент: преобразование "int" в "float", возможна потеря данных
C:\Users\Артем\source\repos\Project3\Project3\Source.cpp(435,32): warning C4244: аргумент: преобразование "int" в "float", возможна потеря данных
C:\Users\Артем\source\repos\Project3\Project3\Source.cpp(488,70): warning C4244: аргумент: преобразование "T" в "T", возможна потеря данных
          with
          [
              T=int
          ]
          and
          [
              T=float
          ]
C:\Users\Артем\source\repos\Project3\Project3\Source.cpp(488,58): warning C4244: аргумент: преобразование "T" в "T", возможна потеря данных
          with
          [
              T=int
          ]
          and
          [
              T=float
          ]
C:\Users\Артем\source\repos\Project3\Project3\Source.cpp(507,56): warning C4244: аргумент: преобразование "int" в "T", возможна потеря данных
          with
          [
              T=float
          ]
C:\Users\Артем\source\repos\Project3\Project3\Source.cpp(507,36): warning C4244: аргумент: преобразование "int" в "T", возможна потеря данных
          with
          [
              T=float
          ]
C:\Users\Артем\source\repos\Project3\Project3\Source.cpp(523,46): warning C4244: аргумент: преобразование "T" в "int", возможна потеря данных
          with
          [
              T=float
          ]
C:\Users\Артем\source\repos\Project3\Project3\Source.cpp(523,35): warning C4244: аргумент: преобразование "T" в "int", возможна потеря данных
          with
          [
              T=float
          ]
C:\Users\Артем\source\repos\Project3\Project3\Source.cpp(524,56): warning C4244: аргумент: преобразование "T" в "int", возможна потеря данных
          with
          [
              T=float
          ]
C:\Users\Артем\source\repos\Project3\Project3\Source.cpp(524,45): warning C4244: аргумент: преобразование "T" в "int", возможна потеря данных
          with
          [
              T=float
          ]
C:\Users\Артем\source\repos\Project3\Project3\Source.cpp(524,88): warning C4244: аргумент: преобразование "T" в "int", возможна потеря данных
          with
          [
              T=float
          ]
C:\Users\Артем\source\repos\Project3\Project3\Source.cpp(524,78): warning C4244: аргумент: преобразование "T" в "int", возможна потеря данных
          with
          [
              T=float
          ]
C:\Users\Артем\source\repos\Project3\Project3\Source.cpp(526,47): warning C4244: аргумент: преобразование "T" в "int", возможна потеря данных
          with
          [
              T=float
          ]
C:\Users\Артем\source\repos\Project3\Project3\Source.cpp(526,36): warning C4244: аргумент: преобразование "T" в "int", возможна потеря данных
          with
          [
              T=float
          ]
C:\Users\Артем\source\repos\Project3\Project3\Source.cpp(528,46): warning C4244: аргумент: преобразование "T" в "int", возможна потеря данных
          with
          [
              T=float
          ]
C:\Users\Артем\source\repos\Project3\Project3\Source.cpp(528,35): warning C4244: аргумент: преобразование "T" в "int", возможна потеря данных
          with
          [
              T=float
          ]
C:\Users\Артем\source\repos\Project3\Project3\Source.cpp(529,57): warning C4244: аргумент: преобразование "T" в "int", возможна потеря данных
          with
          [
              T=float
          ]
C:\Users\Артем\source\repos\Project3\Project3\Source.cpp(529,46): warning C4244: аргумент: преобразование "T" в "int", возможна потеря данных
          with
          [
              T=float
          ]
C:\Users\Артем\source\repos\Project3\Project3\Source.cpp(529,89): warning C4244: аргумент: преобразование "T" в "int", возможна потеря данных
          with
          [
              T=float
          ]
C:\Users\Артем\source\repos\Project3\Project3\Source.cpp(529,79): warning C4244: аргумент: преобразование "T" в "int", возможна потеря данных
          with
          [
              T=float
          ]
C:\Users\Артем\source\repos\Project3\Project3\Source.cpp(530,46): warning C4244: аргумент: преобразование "T" в "int", возможна потеря данных
          with
          [
              T=float
          ]
C:\Users\Артем\source\repos\Project3\Project3\Source.cpp(530,35): warning C4244: аргумент: преобразование "T" в "int", возможна потеря данных
          with
          [
              T=float
          ]
C:\Users\Артем\source\repos\Project3\Project3\Source.cpp(531,56): warning C4244: аргумент: преобразование "T" в "int", возможна потеря данных
          with
          [
              T=float
          ]
C:\Users\Артем\source\repos\Project3\Project3\Source.cpp(531,45): warning C4244: аргумент: преобразование "T" в "int", возможна потеря данных
          with
          [
              T=float
          ]
C:\Users\Артем\source\repos\Project3\Project3\Source.cpp(531,88): warning C4244: аргумент: преобразование "T" в "int", возможна потеря данных
          with
          [
              T=float
          ]
C:\Users\Артем\source\repos\Project3\Project3\Source.cpp(531,78): warning C4244: аргумент: преобразование "T" в "int", возможна потеря данных
          with
          [
              T=float
          ]
C:\Users\Артем\source\repos\Project3\Project3\Source.cpp(532,46): warning C4244: аргумент: преобразование "T" в "int", возможна потеря данных
          with
          [
              T=float
          ]
C:\Users\Артем\source\repos\Project3\Project3\Source.cpp(532,35): warning C4244: аргумент: преобразование "T" в "int", возможна потеря данных
          with
          [
              T=float
          ]
C:\Users\Артем\source\repos\Project3\Project3\Source.cpp(533,60): warning C4244: аргумент: преобразование "T" в "int", возможна потеря данных
          with
          [
              T=float
          ]
C:\Users\Артем\source\repos\Project3\Project3\Source.cpp(533,49): warning C4244: аргумент: преобразование "T" в "int", возможна потеря данных
          with
          [
              T=float
          ]
C:\Users\Артем\source\repos\Project3\Project3\Source.cpp(533,92): warning C4244: аргумент: преобразование "T" в "int", возможна потеря данных
          with
          [
              T=float
          ]
C:\Users\Артем\source\repos\Project3\Project3\Source.cpp(533,82): warning C4244: аргумент: преобразование "T" в "int", возможна потеря данных
          with
          [
              T=float
          ]
C:\Users\Артем\source\repos\Project3\Project3\Source.cpp(535,47): warning C4244: аргумент: преобразование "T" в "int", возможна потеря данных
          with
          [
              T=float
          ]
C:\Users\Артем\source\repos\Project3\Project3\Source.cpp(535,36): warning C4244: аргумент: преобразование "T" в "int", возможна потеря данных
          with
          [
              T=float
          ]
C:\Users\Артем\source\repos\Project3\Project3\Source.cpp(537,46): warning C4244: аргумент: преобразование "T" в "int", возможна потеря данных
          with
          [
              T=float
          ]
C:\Users\Артем\source\repos\Project3\Project3\Source.cpp(537,35): warning C4244: аргумент: преобразование "T" в "int", возможна потеря данных
          with
          [
              T=float
          ]
C:\Users\Артем\source\repos\Project3\Project3\Source.cpp(538,51): warning C4244: аргумент: преобразование "T" в "int", возможна потеря данных
          with
          [
              T=float
          ]
C:\Users\Артем\source\repos\Project3\Project3\Source.cpp(538,40): warning C4244: аргумент: преобразование "T" в "int", возможна потеря данных
          with
          [
              T=float
          ]
C:\Users\Артем\source\repos\Project3\Project3\Source.cpp(538,83): warning C4244: аргумент: преобразование "T" в "int", возможна потеря данных
          with
          [
              T=float
          ]
C:\Users\Артем\source\repos\Project3\Project3\Source.cpp(538,73): warning C4244: аргумент: преобразование "T" в "int", возможна потеря данных
          with
          [
              T=float
          ]
C:\Users\Артем\source\repos\Project3\Project3\Source.cpp(538,139): warning C4244: аргумент: преобразование "T" в "int", возможна потеря данных
          with
          [
              T=float
          ]
C:\Users\Артем\source\repos\Project3\Project3\Source.cpp(538,128): warning C4244: аргумент: преобразование "T" в "int", возможна потеря данных
          with
          [
              T=float
          ]
C:\Users\Артем\source\repos\Project3\Project3\Source.cpp(538,171): warning C4244: аргумент: преобразование "T" в "int", возможна потеря данных
          with
          [
              T=float
          ]
C:\Users\Артем\source\repos\Project3\Project3\Source.cpp(538,161): warning C4244: аргумент: преобразование "T" в "int", возможна потеря данных
          with
          [
              T=float
          ]
C:\Users\Артем\source\repos\Project3\Project3\Source.cpp(541,47): warning C4244: аргумент: преобразование "T" в "int", возможна потеря данных
          with
          [
              T=float
          ]
C:\Users\Артем\source\repos\Project3\Project3\Source.cpp(541,36): warning C4244: аргумент: преобразование "T" в "int", возможна потеря данных
          with
          [
              T=float
          ]
C:\Users\Артем\source\repos\Project3\Project3\Source.cpp(543,46): warning C4244: аргумент: преобразование "T" в "int", возможна потеря данных
          with
          [
              T=float
          ]
C:\Users\Артем\source\repos\Project3\Project3\Source.cpp(543,35): warning C4244: аргумент: преобразование "T" в "int", возможна потеря данных
          with
          [
              T=float
          ]
C:\Users\Артем\source\repos\Project3\Project3\Source.cpp(544,56): warning C4244: аргумент: преобразование "T" в "int", возможна потеря данных
          with
          [
              T=float
          ]
C:\Users\Артем\source\repos\Project3\Project3\Source.cpp(544,45): warning C4244: аргумент: преобразование "T" в "int", возможна потеря данных
          with
          [
              T=float
          ]
C:\Users\Артем\source\repos\Project3\Project3\Source.cpp(544,88): warning C4244: аргумент: преобразование "T" в "int", возможна потеря данных
          with
          [
              T=float
          ]
C:\Users\Артем\source\repos\Project3\Project3\Source.cpp(544,78): warning C4244: аргумент: преобразование "T" в "int", возможна потеря данных
          with
          [
              T=float
          ]
C:\Users\Артем\source\repos\Project3\Project3\Source.cpp(559,44): warning C4244: аргумент: преобразование "T" в "int", возможна потеря данных
          with
          [
              T=float
          ]
C:\Users\Артем\source\repos\Project3\Project3\Source.cpp(559,35): warning C4244: аргумент: преобразование "T" в "int", возможна потеря данных
          with
          [
              T=float
          ]
C:\Users\Артем\source\repos\Project3\Project3\Source.cpp(560,48): warning C4244: аргумент: преобразование "T" в "int", возможна потеря данных
          with
          [
              T=float
          ]
C:\Users\Артем\source\repos\Project3\Project3\Source.cpp(560,39): warning C4244: аргумент: преобразование "T" в "int", возможна потеря данных
          with
          [
              T=float
          ]
C:\Users\Артем\source\repos\Project3\Project3\Source.cpp(561,44): warning C4244: аргумент: преобразование "T" в "int", возможна потеря данных
          with
          [
              T=float
          ]
C:\Users\Артем\source\repos\Project3\Project3\Source.cpp(561,35): warning C4244: аргумент: преобразование "T" в "int", возможна потеря данных
          with
          [
              T=float
          ]
C:\Users\Артем\source\repos\Project3\Project3\Source.cpp(562,48): warning C4244: аргумент: преобразование "T" в "int", возможна потеря данных
          with
          [
              T=float
          ]
C:\Users\Артем\source\repos\Project3\Project3\Source.cpp(562,39): warning C4244: аргумент: преобразование "T" в "int", возможна потеря данных
          with
          [
              T=float
          ]
C:\Users\Артем\source\repos\Project3\Project3\Source.cpp(563,44): warning C4244: аргумент: преобразование "T" в "int", возможна потеря данных
          with
          [
              T=float
          ]
C:\Users\Артем\source\repos\Project3\Project3\Source.cpp(563,35): warning C4244: аргумент: преобразование "T" в "int", возможна потеря данных
          with
          [
              T=float
          ]
C:\Users\Артем\source\repos\Project3\Project3\Source.cpp(564,49): warning C4244: аргумент: преобразование "T" в "int", возможна потеря данных
          with
          [
              T=float
          ]
C:\Users\Артем\source\repos\Project3\Project3\Source.cpp(564,40): warning C4244: аргумент: преобразование "T" в "int", возможна потеря данных
          with
          [
              T=float
          ]
C:\Users\Артем\source\repos\Project3\Project3\Source.cpp(565,44): warning C4244: аргумент: преобразование "T" в "int", возможна потеря данных
          with
          [
              T=float
          ]
C:\Users\Артем\source\repos\Project3\Project3\Source.cpp(565,35): warning C4244: аргумент: преобразование "T" в "int", возможна потеря данных
          with
          [
              T=float
          ]
C:\Users\Артем\source\repos\Project3\Project3\Source.cpp(566,52): warning C4244: аргумент: преобразование "T" в "int", возможна потеря данных
          with
          [
              T=float
          ]
C:\Users\Артем\source\repos\Project3\Project3\Source.cpp(566,43): warning C4244: аргумент: преобразование "T" в "int", возможна потеря данных
          with
          [
              T=float
          ]
C:\Users\Артем\source\repos\Project3\Project3\Source.cpp(567,44): warning C4244: аргумент: преобразование "T" в "int", возможна потеря данных
          with
          [
              T=float
          ]
C:\Users\Артем\source\repos\Project3\Project3\Source.cpp(567,35): warning C4244: аргумент: преобразование "T" в "int", возможна потеря данных
          with
          [
              T=float
          ]
C:\Users\Артем\source\repos\Project3\Project3\Source.cpp(568,49): warning C4244: аргумент: преобразование "T" в "int", возможна потеря данных
          with
          [
              T=float
          ]
C:\Users\Артем\source\repos\Project3\Project3\Source.cpp(568,40): warning C4244: аргумент: преобразование "T" в "int", возможна потеря данных
          with
          [
              T=float
          ]
C:\Users\Артем\source\repos\Project3\Project3\Source.cpp(569,44): warning C4244: аргумент: преобразование "T" в "int", возможна потеря данных
          with
          [
              T=float
          ]
C:\Users\Артем\source\repos\Project3\Project3\Source.cpp(569,35): warning C4244: аргумент: преобразование "T" в "int", возможна потеря данных
          with
          [
              T=float
          ]
C:\Users\Артем\source\repos\Project3\Project3\Source.cpp(570,48): warning C4244: аргумент: преобразование "T" в "int", возможна потеря данных
          with
          [
              T=float
          ]
C:\Users\Артем\source\repos\Project3\Project3\Source.cpp(570,39): warning C4244: аргумент: преобразование "T" в "int", возможна потеря данных
          with
          [
              T=float
          ]
C:\Users\Артем\source\repos\Project3\Project3\Source.cpp(579,46): warning C4244: аргумент: преобразование "T" в "int", возможна потеря данных
          with
          [
              T=float
          ]
C:\Users\Артем\source\repos\Project3\Project3\Source.cpp(579,35): warning C4244: аргумент: преобразование "T" в "int", возможна потеря данных
          with
          [
              T=float
          ]
C:\Users\Артем\source\repos\Project3\Project3\Source.cpp(580,50): warning C4244: аргумент: преобразование "T" в "int", возможна потеря данных
          with
          [
              T=float
          ]
C:\Users\Артем\source\repos\Project3\Project3\Source.cpp(580,39): warning C4244: аргумент: преобразование "T" в "int", возможна потеря данных
          with
          [
              T=float
          ]
C:\Users\Артем\source\repos\Project3\Project3\Source.cpp(580,82): warning C4244: аргумент: преобразование "T" в "int", возможна потеря данных
          with
          [
              T=float
          ]
C:\Users\Артем\source\repos\Project3\Project3\Source.cpp(580,72): warning C4244: аргумент: преобразование "T" в "int", возможна потеря данных
          with
          [
              T=float
          ]
C:\Users\Артем\source\repos\Project3\Project3\Source.cpp(581,46): warning C4244: аргумент: преобразование "T" в "int", возможна потеря данных
          with
          [
              T=float
          ]
C:\Users\Артем\source\repos\Project3\Project3\Source.cpp(581,35): warning C4244: аргумент: преобразование "T" в "int", возможна потеря данных
          with
          [
              T=float
          ]
C:\Users\Артем\source\repos\Project3\Project3\Source.cpp(582,50): warning C4244: аргумент: преобразование "T" в "int", возможна потеря данных
          with
          [
              T=float
          ]
C:\Users\Артем\source\repos\Project3\Project3\Source.cpp(582,39): warning C4244: аргумент: преобразование "T" в "int", возможна потеря данных
          with
          [
              T=float
          ]
C:\Users\Артем\source\repos\Project3\Project3\Source.cpp(582,82): warning C4244: аргумент: преобразование "T" в "int", возможна потеря данных
          with
          [
              T=float
          ]
C:\Users\Артем\source\repos\Project3\Project3\Source.cpp(582,72): warning C4244: аргумент: преобразование "T" в "int", возможна потеря данных
          with
          [
              T=float
          ]
C:\Users\Артем\source\repos\Project3\Project3\Source.cpp(583,46): warning C4244: аргумент: преобразование "T" в "int", возможна потеря данных
          with
          [
              T=float
          ]
C:\Users\Артем\source\repos\Project3\Project3\Source.cpp(583,35): warning C4244: аргумент: преобразование "T" в "int", возможна потеря данных
          with
          [
              T=float
          ]
C:\Users\Артем\source\repos\Project3\Project3\Source.cpp(584,51): warning C4244: аргумент: преобразование "T" в "int", возможна потеря данных
          with
          [
              T=float
          ]
C:\Users\Артем\source\repos\Project3\Project3\Source.cpp(584,40): warning C4244: аргумент: преобразование "T" в "int", возможна потеря данных
          with
          [
              T=float
          ]
C:\Users\Артем\source\repos\Project3\Project3\Source.cpp(584,83): warning C4244: аргумент: преобразование "T" в "int", возможна потеря данных
          with
          [
              T=float
          ]
C:\Users\Артем\source\repos\Project3\Project3\Source.cpp(584,73): warning C4244: аргумент: преобразование "T" в "int", возможна потеря данных
          with
          [
              T=float
          ]
C:\Users\Артем\source\repos\Project3\Project3\Source.cpp(585,46): warning C4244: аргумент: преобразование "T" в "int", возможна потеря данных
          with
          [
              T=float
          ]
C:\Users\Артем\source\repos\Project3\Project3\Source.cpp(585,35): warning C4244: аргумент: преобразование "T" в "int", возможна потеря данных
          with
          [
              T=float
          ]
C:\Users\Артем\source\repos\Project3\Project3\Source.cpp(586,54): warning C4244: аргумент: преобразование "T" в "int", возможна потеря данных
          with
          [
              T=float
          ]
C:\Users\Артем\source\repos\Project3\Project3\Source.cpp(586,43): warning C4244: аргумент: преобразование "T" в "int", возможна потеря данных
          with
          [
              T=float
          ]
C:\Users\Артем\source\repos\Project3\Project3\Source.cpp(586,86): warning C4244: аргумент: преобразование "T" в "int", возможна потеря данных
          with
          [
              T=float
          ]
C:\Users\Артем\source\repos\Project3\Project3\Source.cpp(586,76): warning C4244: аргумент: преобразование "T" в "int", возможна потеря данных
          with
          [
              T=float
          ]
C:\Users\Артем\source\repos\Project3\Project3\Source.cpp(587,46): warning C4244: аргумент: преобразование "T" в "int", возможна потеря данных
          with
          [
              T=float
          ]
C:\Users\Артем\source\repos\Project3\Project3\Source.cpp(587,35): warning C4244: аргумент: преобразование "T" в "int", возможна потеря данных
          with
          [
              T=float
          ]
C:\Users\Артем\source\repos\Project3\Project3\Source.cpp(588,51): warning C4244: аргумент: преобразование "T" в "int", возможна потеря данных
          with
          [
              T=float
          ]
C:\Users\Артем\source\repos\Project3\Project3\Source.cpp(588,40): warning C4244: аргумент: преобразование "T" в "int", возможна потеря данных
          with
          [
              T=float
          ]
C:\Users\Артем\source\repos\Project3\Project3\Source.cpp(588,83): warning C4244: аргумент: преобразование "T" в "int", возможна потеря данных
          with
          [
              T=float
          ]
C:\Users\Артем\source\repos\Project3\Project3\Source.cpp(588,73): warning C4244: аргумент: преобразование "T" в "int", возможна потеря данных
          with
          [
              T=float
          ]
C:\Users\Артем\source\repos\Project3\Project3\Source.cpp(589,46): warning C4244: аргумент: преобразование "T" в "int", возможна потеря данных
          with
          [
              T=float
          ]
C:\Users\Артем\source\repos\Project3\Project3\Source.cpp(589,35): warning C4244: аргумент: преобразование "T" в "int", возможна потеря данных
          with
          [
              T=float
          ]
C:\Users\Артем\source\repos\Project3\Project3\Source.cpp(590,50): warning C4244: аргумент: преобразование "T" в "int", возможна потеря данных
          with
          [
              T=float
          ]
C:\Users\Артем\source\repos\Project3\Project3\Source.cpp(590,39): warning C4244: аргумент: преобразование "T" в "int", возможна потеря данных
          with
          [
              T=float
          ]
C:\Users\Артем\source\repos\Project3\Project3\Source.cpp(590,82): warning C4244: аргумент: преобразование "T" в "int", возможна потеря данных
          with
          [
              T=float
          ]
C:\Users\Артем\source\repos\Project3\Project3\Source.cpp(590,72): warning C4244: аргумент: преобразование "T" в "int", возможна потеря данных
          with
          [
              T=float
          ]
C:\Users\Артем\source\repos\Project3\Project3\Source.cpp(475,6): warning C4101: figuretype: неиспользованная локальная переменная
C:\Users\Артем\source\repos\Project3\Project3\Source.cpp(66): warning C4715: chesspoint: значение возвращается не при всех путях выполнения
C:\Users\Артем\source\repos\Project3\Project3\Source.cpp(329): warning C4715: check: значение возвращается не при всех путях выполнения
C:\Users\Артем\source\repos\Project3\Project3\Source.cpp(413): warning C4715: check2: значение возвращается не при всех путях выполнения
C:\Users\Артем\source\repos\Project3\Project3\Source.cpp(306): warning C4715: pawn::move: значение возвращается не при всех путях выполнения
C:\Users\Артем\source\repos\Project3\Project3\Source.cpp(222): warning C4715: king::gameover: значение возвращается не при всех путях выполнения
  Project3.vcxproj -> C:\Users\Артем\source\repos\Project3\x64\Debug\Project3.exe
